#
# There is insufficient memory for the Java Runtime Environment to continue.
# Native memory allocation (malloc) failed to allocate 1048576 bytes for AllocateHeap
# Possible reasons:
#   The system is out of physical RAM or swap space
#   The process is running with CompressedOops enabled, and the Java Heap may be blocking the growth of the native heap
# Possible solutions:
#   Reduce memory load on the system
#   Increase physical memory or swap space
#   Check if swap backing store is full
#   Decrease Java heap size (-Xmx/-Xms)
#   Decrease number of Java threads
#   Decrease Java thread stack sizes (-Xss)
#   Set larger code cache with -XX:ReservedCodeCacheSize=
#   JVM is running with Unscaled Compressed Oops mode in which the Java heap is
#     placed in the first 4GB address space. The Java Heap base address is the
#     maximum limit for the native heap growth. Please use -XX:HeapBaseMinAddress
#     to set the Java Heap base and to place the Java Heap above 4GB virtual address.
# This output file may be truncated or incomplete.
#
#  Out of Memory Error (memory/allocation.inline.hpp:61), pid=16752, tid=0x0000000000001a08
#
# JRE version:  (8.0_301-b09) (build )
# Java VM: Java HotSpot(TM) 64-Bit Server VM (25.301-b09 mixed mode windows-amd64 compressed oops)
# Failed to write core dump. Minidumps are not enabled by default on client versions of Windows
#

---------------  T H R E A D  ---------------

Current thread (0x000002445ec5d800):  JavaThread "Unknown thread" [_thread_in_vm, id=6664, stack(0x0000007e88500000,0x0000007e88600000)]

Stack: [0x0000007e88500000,0x0000007e88600000]
Native frames: (J=compiled Java code, j=interpreted, Vv=VM code, C=native code)
V  [jvm.dll+0x32ed79]
V  [jvm.dll+0x275722]
V  [jvm.dll+0x2763cd]
V  [jvm.dll+0x26ce05]
V  [jvm.dll+0x509d]
V  [jvm.dll+0x3d3423]
V  [jvm.dll+0x3d3e38]
V  [jvm.dll+0xfcdcf]
V  [jvm.dll+0x20a0bb]
V  [jvm.dll+0x238ae7]
V  [jvm.dll+0x162876]
C  [java.exe+0x2312]
C  [java.exe+0x15f54]
C  [KERNEL32.DLL+0x17034]
C  [ntdll.dll+0x52651]


---------------  P R O C E S S  ---------------

Java Threads: ( => current thread )

Other Threads:

=>0x000002445ec5d800 (exited) JavaThread "Unknown thread" [_thread_in_vm, id=6664, stack(0x0000007e88500000,0x0000007e88600000)]

VM state:not at safepoint (normal execution)

VM Mutex/Monitor currently owned by a thread: None

heap address: 0x0000000091000000, size: 1776 MB, Compressed Oops mode: 32-bit
Narrow klass base: 0x0000000000000000, Narrow klass shift: 3
Compressed class space size: 1073741824 Address: 0x0000000100000000

Heap:
 PSYoungGen      total 33280K, used 573K [0x00000000db000000, 0x00000000dd500000, 0x0000000100000000)
  eden space 28672K, 2% used [0x00000000db000000,0x00000000db08f5d0,0x00000000dcc00000)
  from space 4608K, 0% used [0x00000000dd080000,0x00000000dd080000,0x00000000dd500000)
  to   space 4608K, 0% used [0x00000000dcc00000,0x00000000dcc00000,0x00000000dd080000)
 ParOldGen       total 76800K, used 0K [0x0000000091000000, 0x0000000095b00000, 0x00000000db000000)
  object space 76800K, 0% used [0x0000000091000000,0x0000000091000000,0x0000000095b00000)
 Metaspace       used 778K, capacity 4480K, committed 4480K, reserved 1056768K
  class space    used 76K, capacity 384K, committed 384K, reserved 1048576K

Card table byte_map: [0x000002446f910000,0x000002446fc90000] byte_map_base: 0x000002446f488000

Marking Bits: (ParMarkBitMap*) 0x0000000052a17fe0
 Begin Bits: [0x000002446fee0000, 0x0000024471aa0000)
 End Bits:   [0x0000024471aa0000, 0x0000024473660000)

Polling page: 0x000002445ed70000

CodeCache: size=245760Kb used=327Kb max_used=327Kb free=245432Kb
 bounds [0x0000024460550000, 0x00000244607c0000, 0x000002446f550000]
 total_blobs=57 nmethods=0 adapters=38
 compilation: enabled

Compilation events (0 events):
No events

GC Heap History (0 events):
No events

Deoptimization events (0 events):
No events

Classes redefined (0 events):
No events

Internal exceptions (0 events):
No events

Events (10 events):
Event: 0.038 loading class java/lang/Short
Event: 0.038 loading class java/lang/Short done
Event: 0.038 loading class java/lang/Integer
Event: 0.038 loading class java/lang/Integer done
Event: 0.038 loading class java/lang/Long
Event: 0.039 loading class java/lang/Long done
Event: 0.039 loading class java/lang/NullPointerException
Event: 0.040 loading class java/lang/NullPointerException done
Event: 0.040 loading class java/lang/ArithmeticException
Event: 0.040 loading class java/lang/ArithmeticException done


Dynamic libraries:
0x00007ff75c790000 - 0x00007ff75c7d7000 	C:\Program Files\Java\jdk1.8.0_301\bin\java.exe
0x00007ffa78a70000 - 0x00007ffa78c65000 	C:\WINDOWS\SYSTEM32\ntdll.dll
0x00007ffa53de0000 - 0x00007ffa53df5000 	C:\Program Files\Avast Software\Avast\aswhook.dll
0x00007ffa76eb0000 - 0x00007ffa76f6e000 	C:\WINDOWS\System32\KERNEL32.DLL
0x00007ffa76190000 - 0x00007ffa76459000 	C:\WINDOWS\System32\KERNELBASE.dll
0x00007ffa77040000 - 0x00007ffa770ec000 	C:\WINDOWS\System32\ADVAPI32.dll
0x00007ffa76e10000 - 0x00007ffa76eae000 	C:\WINDOWS\System32\msvcrt.dll
0x00007ffa77d50000 - 0x00007ffa77deb000 	C:\WINDOWS\System32\sechost.dll
0x00007ffa77390000 - 0x00007ffa774ba000 	C:\WINDOWS\System32\RPCRT4.dll
0x00007ffa76c60000 - 0x00007ffa76e01000 	C:\WINDOWS\System32\USER32.dll
0x00007ffa76790000 - 0x00007ffa767b2000 	C:\WINDOWS\System32\win32u.dll
0x00007ffa77150000 - 0x00007ffa7717b000 	C:\WINDOWS\System32\GDI32.dll
0x00007ffa769b0000 - 0x00007ffa76abb000 	C:\WINDOWS\System32\gdi32full.dll
0x00007ffa76540000 - 0x00007ffa765dd000 	C:\WINDOWS\System32\msvcp_win.dll
0x00007ffa76690000 - 0x00007ffa76790000 	C:\WINDOWS\System32\ucrtbase.dll
0x00007ffa5c730000 - 0x00007ffa5c9ca000 	C:\WINDOWS\WinSxS\amd64_microsoft.windows.common-controls_6595b64144ccf1df_6.0.19041.1110_none_60b5254171f9507e\COMCTL32.dll
0x00007ffa774d0000 - 0x00007ffa77500000 	C:\WINDOWS\System32\IMM32.DLL
0x00007ffa5c250000 - 0x00007ffa5c265000 	C:\Program Files\Java\jdk1.8.0_301\jre\bin\vcruntime140.dll
0x00007ffa4d540000 - 0x00007ffa4d5db000 	C:\Program Files\Java\jdk1.8.0_301\jre\bin\msvcp140.dll
0x0000000052230000 - 0x0000000052a90000 	C:\Program Files\Java\jdk1.8.0_301\jre\bin\server\jvm.dll
0x00007ffa77cb0000 - 0x00007ffa77cb8000 	C:\WINDOWS\System32\PSAPI.DLL
0x00007ffa6c180000 - 0x00007ffa6c1a7000 	C:\WINDOWS\SYSTEM32\WINMM.dll
0x00007ffa67f90000 - 0x00007ffa67f99000 	C:\WINDOWS\SYSTEM32\WSOCK32.dll
0x00007ffa6c1f0000 - 0x00007ffa6c1fa000 	C:\WINDOWS\SYSTEM32\VERSION.dll
0x00007ffa78660000 - 0x00007ffa786cb000 	C:\WINDOWS\System32\WS2_32.dll
0x00007ffa74a60000 - 0x00007ffa74a72000 	C:\WINDOWS\SYSTEM32\kernel.appcore.dll
0x00007ffa6d590000 - 0x00007ffa6d5a0000 	C:\Program Files\Java\jdk1.8.0_301\jre\bin\verify.dll
0x00007ffa53830000 - 0x00007ffa5385b000 	C:\Program Files\Java\jdk1.8.0_301\jre\bin\java.dll
0x00007ffa6e100000 - 0x00007ffa6e130000 	C:\Program Files\Java\jdk1.8.0_301\jre\bin\instrument.dll
0x00007ffa5bc70000 - 0x00007ffa5bc88000 	C:\Program Files\Java\jdk1.8.0_301\jre\bin\zip.dll
0x00007ffa744c0000 - 0x00007ffa746a4000 	C:\WINDOWS\SYSTEM32\dbghelp.dll
0x00007ffa764b0000 - 0x00007ffa76533000 	C:\WINDOWS\System32\bcryptPrimitives.dll

VM Arguments:
jvm_args: -javaagent:C:\Program Files\JetBrains\IntelliJ IDEA Community Edition 2021.2\lib\idea_rt.jar=61011:C:\Program Files\JetBrains\IntelliJ IDEA Community Edition 2021.2\bin -Dfile.encoding=UTF-8 
java_command: com.awesome.parser.Main
java_class_path (initial): C:\Program Files\Java\jdk1.8.0_301\jre\lib\charsets.jar;C:\Program Files\Java\jdk1.8.0_301\jre\lib\deploy.jar;C:\Program Files\Java\jdk1.8.0_301\jre\lib\ext\access-bridge-64.jar;C:\Program Files\Java\jdk1.8.0_301\jre\lib\ext\cldrdata.jar;C:\Program Files\Java\jdk1.8.0_301\jre\lib\ext\dnsns.jar;C:\Program Files\Java\jdk1.8.0_301\jre\lib\ext\jaccess.jar;C:\Program Files\Java\jdk1.8.0_301\jre\lib\ext\jfxrt.jar;C:\Program Files\Java\jdk1.8.0_301\jre\lib\ext\localedata.jar;C:\Program Files\Java\jdk1.8.0_301\jre\lib\ext\nashorn.jar;C:\Program Files\Java\jdk1.8.0_301\jre\lib\ext\sunec.jar;C:\Program Files\Java\jdk1.8.0_301\jre\lib\ext\sunjce_provider.jar;C:\Program Files\Java\jdk1.8.0_301\jre\lib\ext\sunmscapi.jar;C:\Program Files\Java\jdk1.8.0_301\jre\lib\ext\sunpkcs11.jar;C:\Program Files\Java\jdk1.8.0_301\jre\lib\ext\zipfs.jar;C:\Program Files\Java\jdk1.8.0_301\jre\lib\javaws.jar;C:\Program Files\Java\jdk1.8.0_301\jre\lib\jce.jar;C:\Program Files\Java\jdk1.8.0_301\jre\lib\jfr.jar;C:\Program Files\Java\jdk1.8.0_301\jre\lib\jfxswt.jar;C:\Program Files\Java\jdk1.8.0_301\jre\lib\jsse.jar;C:\Program Files\Java\jdk1.8.0_301\jre\lib\management-agent.jar;C:\Program Files\Java\jdk1.8.0_301\jre\lib\plugin.jar;C:\Program Files\Java\jdk1.8.0_301\jre\lib\resources.jar;C:\Program Files\Java\jdk1.8.0_301\jre\lib\rt.jar;C:\Users\chere\IdeaProjects\awesomeParser\build\classes\kotlin\main;C:\Users\chere\.gradle\caches\modules-2\files-2.1\org.jetbrains.kotlin\kotlin-stdlib\1.5.31\6628d61d0f5603568e72d2d5915d2c034b4f1c55\kotlin-stdlib-1.5.31.jar;C:\Users\chere\.gradle\caches\modules-2\files-2.1\com.github.kittinunf.fuel\fuel\2.3.1\c1b88ced2b60d50c519526d0a82463561afcbcd4\fuel-2.3.1.jar;C:\Users\chere\.gradle\caches\modules-2\files-2.1\com.google.code.gson\gson\2.8.8\431fc3cbc0ff81abdbfde070062741089c3ba874\gson-2.8.8.jar;C:\Users\chere\.gradle\caches\modules-2\files-2.1\org.jetbrains\annotations\13.0\919f0dfe192fb4e063e7dacadee7f8bb9a2672a9\annotations-13.0.jar
Launcher Type: SUN_STANDARD

Environment Variables:
JAVA_HOME=C:\Program Files\Java\jdk1.8.0_301
PATH=C:\Program Files (x86)\Common Files\Oracle\Java\javapath;C:\Program Files (x86)\NVIDIA Corporation\PhysX\Common;C:\ProgramData\Oracle\Java\javapath;C:\WINDOWS\system32;C:\WINDOWS;C:\WINDOWS\System32\Wbem;C:\WINDOWS\System32\WindowsPowerShell\v1.0\;C:\WINDOWS\System32\OpenSSH\;C:\Program Files\Microsoft SQL Server\120\Tools\Binn\;C:\Program Files\dotnet\;C:\Program Files\MATLAB\R2021a\bin;C:\Program Files\Git\cmd;C:\Users\chere\AppData\Local\Programs\Python\Python39\;C:\Users\chere\AppData\Local\Programs\Python\Python39\Scripts\;C:\Users\chere\AppData\Local\Programs\Python\Python39\;C:\Users\chere\AppData\Local\Programs\Python\Python38-32\Scripts\;C:\Users\chere\AppData\Local\Programs\Python\Python38-32\;C:\Users\chere\AppData\Local\Microsoft\WindowsApps;C:\Program Files\JetBrains\PyCharm Community Edition 2020.2\bin;;C:\Users\chere\.dotnet\tools;C:\Program Files\JetBrains\IntelliJ IDEA Community Edition 2021.2\bin;;C:\Users\chere\AppData\Local\Programs\Microsoft VS Code\bin;
USERNAME=chere
OS=Windows_NT
PROCESSOR_IDENTIFIER=AMD64 Family 23 Model 24 Stepping 1, AuthenticAMD



---------------  S Y S T E M  ---------------

OS: Windows 10.0 , 64 bit Build 19041 (10.0.19041.1202)

CPU:total 8 (initial active 8) (8 cores per cpu, 1 threads per core) family 23 model 24 stepping 1, cmov, cx8, fxsr, mmx, sse, sse2, sse3, ssse3, sse4.1, sse4.2, popcnt, avx, avx2, aes, clmul, mmxext, 3dnowpref, lzcnt, sse4a, tsc, tscinvbit, tscinv, bmi1

Memory: 4k page, physical 7274124k(810504k free), swap 10346124k(5308k free)

vm_info: Java HotSpot(TM) 64-Bit Server VM (25.301-b09) for windows-amd64 JRE (1.8.0_301-b09), built on Jun  9 2021 06:46:21 by "java_re" with MS VC++ 15.9 (VS2017)

time: Sun Oct 24 17:26:58 2021
timezone: RTZ 2 (зима)
elapsed time: 0.083480 seconds (0d 0h 0m 0s)

